This is pdfTeX, Version 3.1415926-2.3-1.40.12 (TeX Live 2011) (format=pdflatex 2011.10.2)  4 OCT 2011 15:20
entering extended mode
 restricted \write18 enabled.
 %&-line parsing enabled.
**guide.tex
(./guide.tex
LaTeX2e <2009/09/24>
Babel <v3.8l> and hyphenation patterns for english, dumylang, nohyphenation, ba
sque, danish, dutch, finnish, french, german, ngerman, swissgerman, hungarian, 
italian, bokmal, nynorsk, polish, portuguese, spanish, swedish, loaded.
(/Users/hs/Library/texmf/tex/latex/mmd/mmd-memoir-header.tex
(/usr/local/texlive/2011basic/texmf-dist/tex/latex/memoir/memoir.cls
Document Class: memoir 2011/03/06 v3.6j configurable book, report, article docu
ment class
\onelineskip=\skip41
\lxvchars=\skip42
\xlvchars=\skip43
\@memcnta=\count79
\c@@memmarkcntra=\count80
(/usr/local/texlive/2011basic/texmf-dist/tex/generic/oberdiek/ifpdf.sty
Package: ifpdf 2011/01/30 v2.3 Provides the ifpdf switch (HO)
Package ifpdf Info: pdfTeX in PDF mode is detected.
)
Class memoir Info: An `ifetex' package is being emulated on input line 251.

(/usr/local/texlive/2011basic/texmf-dist/tex/generic/ifxetex/ifxetex.sty
Package: ifxetex 2010/09/12 v0.6 Provides ifxetex conditional
)
(/usr/local/texlive/2011basic/texmf-dist/tex/generic/oberdiek/ifluatex.sty
Package: ifluatex 2010/03/01 v1.3 Provides the ifluatex switch (HO)
Package ifluatex Info: LuaTeX not detected.
)
\stockheight=\skip44
\stockwidth=\skip45
\trimtop=\skip46
\trimedge=\skip47

(/usr/local/texlive/2011basic/texmf-dist/tex/latex/etex-pkg/etex.sty
Package: etex 1998/03/26 v2.0 eTeX basic definition package (PEB)
\et@xins=\count81
)
(/usr/local/texlive/2011basic/texmf-dist/tex/latex/memoir/mem10.clo
File: mem10.clo 2008/01/30 v0.3 memoir class 10pt size option
)
\binding=\skip48
\spinemargin=\skip49
\foremargin=\skip50
\uppermargin=\skip51
\lowermargin=\skip52
\headdrop=\skip53
\normalrulethickness=\skip54
\mem@maxheadheight=\skip55
\mem@maxfootheight=\skip56
\headwidth=\skip57
\c@storedpagenumber=\count82
\memPD=\dimen102
\m@mabparskip=\skip58
\thanksmarkwidth=\skip59
\thanksmarksep=\skip60
\droptitle=\skip61
\c@book=\count83
\c@part=\count84
\c@chapter=\count85
\c@section=\count86
\c@subsection=\count87
\c@subsubsection=\count88
\c@paragraph=\count89
\c@subparagraph=\count90
\beforechapskip=\skip62
\midchapskip=\skip63
\afterchapskip=\skip64
\chapindent=\skip65
\bottomsectionskip=\skip66
\secindent=\skip67
\beforesecskip=\skip68
\aftersecskip=\skip69
\subsecindent=\skip70
\beforesubsecskip=\skip71
\aftersubsecskip=\skip72
\subsubsecindent=\skip73
\beforesubsubsecskip=\skip74
\aftersubsubsecskip=\skip75
\paraindent=\skip76
\beforeparaskip=\skip77
\afterparaskip=\skip78
\subparaindent=\skip79
\beforesubparaskip=\skip80
\aftersubparaskip=\skip81
\pfbreakskip=\skip82
\c@@ppsavesec=\count91
\c@@ppsaveapp=\count92
\ragrparindent=\dimen103
\everylistparindent=\dimen104
\parsepi=\skip83
\topsepi=\skip84
\itemsepi=\skip85
\parsepii=\skip86
\topsepii=\skip87
\topsepiii=\skip88
\itemsepii=\skip89
\itemsepiii=\skip90
\partopsepii=\skip91
\partopsepiii=\skip92
\m@msavetopsep=\skip93
\m@msavepartopsep=\skip94
\@enLab=\toks14
\abstitleskip=\skip95
\absleftindent=\skip96
\abs@leftindent=\dimen105
\absrightindent=\skip97
\absparindent=\skip98
\absparsep=\skip99
\c@vslineno=\count93
\c@poemline=\count94
\c@modulo@vs=\count95
\c@memfvsline=\count96
\vleftskip=\skip100
\vrightskip=\skip101
\stanzaskip=\skip102
\versewidth=\skip103
\vgap=\skip104
\vindent=\skip105
\vleftmargin=\dimen106
\c@verse=\count97
\c@chrsinstr=\count98
\beforepoemtitleskip=\skip106
\afterpoemtitleskip=\skip107
\c@poem=\count99
\beforePoemTitleskip=\skip108
\midPoemTitleskip=\skip109
\afterPoemTitleskip=\skip110
\col@sep=\dimen107
\extrarowheight=\dimen108
\NC@list=\toks15
\extratabsurround=\skip111
\backup@length=\skip112
\TX@col@width=\dimen109
\TX@old@table=\dimen110
\TX@old@col=\dimen111
\TX@target=\dimen112
\TX@delta=\dimen113
\TX@cols=\count100
\TX@ftn=\toks16
\heavyrulewidth=\dimen114
\lightrulewidth=\dimen115
\cmidrulewidth=\dimen116
\belowrulesep=\dimen117
\belowbottomsep=\dimen118
\aboverulesep=\dimen119
\abovetopsep=\dimen120
\cmidrulesep=\dimen121
\cmidrulekern=\dimen122
\defaultaddspace=\dimen123
\@cmidla=\count101
\@cmidlb=\count102
\@aboverulesep=\dimen124
\@belowrulesep=\dimen125
\@thisruleclass=\count103
\@lastruleclass=\count104
\@thisrulewidth=\dimen126
\ctableftskip=\skip113
\ctabrightskip=\skip114
\abovecolumnspenalty=\count105
\@linestogo=\count106
\@cellstogo=\count107
\@cellsincolumn=\count108
\crtok=\toks17
\@mincolumnwidth=\dimen127
\c@newflo@tctr=\count109
\mem@margin@floatbox=\box26
\@contcwidth=\skip115
\@contindw=\skip116
\abovecaptionskip=\skip117
\belowcaptionskip=\skip118
\subfloattopskip=\skip119
\subfloatcapskip=\skip120
\subfloatcaptopadj=\skip121
\subfloatbottomskip=\skip122
\subfloatlabelskip=\skip123
\subfloatcapmargin=\dimen128
\c@@contsubnum=\count110
\m@mscap@capbox=\box27
\m@mscap@fbox=\box28
\sidecapsep=\dimen129
\sidecapwidth=\dimen130
\m@m@tempdima=\dimen131
\m@mscapraise=\dimen132
\sidecapraise=\dimen133
\m@mscapmainwidth=\dimen134
\m@mscaplkern=\dimen135
\beforeepigraphskip=\skip124
\afterepigraphskip=\skip125
\epigraphwidth=\skip126
\epigraphrule=\skip127
LaTeX Info: Redefining \em on input line 7377.
LaTeX Info: Redefining \emph on input line 7385.
\tocentryskip=\skip128
\tocbaseline=\skip129
\cftparskip=\skip130
\cftbeforebookskip=\skip131
\cftbookindent=\dimen136
\cftbooknumwidth=\dimen137
\cftbeforepartskip=\skip132
\cftpartindent=\skip133
\cftpartnumwidth=\skip134
\cftbeforechapterskip=\skip135
\cftchapterindent=\skip136
\cftchapternumwidth=\skip137
\cftbeforesectionskip=\skip138
\cftsectionindent=\skip139
\cftsectionnumwidth=\skip140
\cftbeforesubsectionskip=\skip141
\cftsubsectionindent=\skip142
\cftsubsectionnumwidth=\skip143
\cftbeforesubsubsectionskip=\skip144
\cftsubsubsectionindent=\skip145
\cftsubsubsectionnumwidth=\skip146
\cftbeforeparagraphskip=\skip147
\cftparagraphindent=\skip148
\cftparagraphnumwidth=\skip149
\cftbeforesubparagraphskip=\skip150
\cftsubparagraphindent=\skip151
\cftsubparagraphnumwidth=\skip152
\prechapterprecisshift=\dimen138
\c@maxsecnumdepth=\count111
\bibindent=\dimen139
\bibitemsep=\skip153
\indexcolsep=\skip154
\indexrule=\skip155
\indexmarkstyle=\toks18
\@indexbox=\insert233
\glossarycolsep=\dimen140
\glossaryrule=\dimen141
\sideparvshift=\skip156
\sideins=\insert232
\sidebartopsep=\skip157
\sidebarhsep=\skip158
\sidebarvsep=\skip159
\sidebarwidth=\skip160
\footmarkwidth=\skip161
\footmarksep=\skip162
\footparindent=\skip163
\footinsdim=\skip164
\footinsv@r=\insert231
\@mpfootinsv@r=\insert230
\m@m@k=\count112
\m@m@h=\dimen142
\m@mipn@skip=\skip165
\sidefootins=\insert229
\sidefootadjust=\skip166
\sidefootheight=\skip167
\sidefoothsep=\skip168
\sidefootvsep=\skip169
\sidefootwidth=\skip170
\m@mdownsf=\skip171
\c@sidefootnote=\count113
\sidefootmarkwidth=\skip172
\sidefootmarksep=\skip173
\sidefootparindent=\skip174
\c@pagenote=\count114
\c@pagenoteshadow=\count115
\mem@pn@lastkern=\skip175
\every@verbatim=\toks19
\afterevery@verbatim=\toks20
\verbatim@line=\toks21
\tab@position=\count116
\verbatim@in@stream=\read1
\verbatimindent=\skip176
\verbatim@out=\write3
\bvboxsep=\skip177
\c@memfbvline=\count117
\c@bvlinectr=\count118
\bvnumlength=\skip178
\fb@frw=\dimen143
\fb@frh=\dimen144
\FrameRule=\dimen145
\FrameSep=\dimen146
\c@cp@cntr=\count119
LaTeX Info: Redefining \: on input line 11807.
LaTeX Info: Redefining \! on input line 11809.
\c@ism@mctr=\count120
\c@xsm@mctr=\count121
\c@csm@mctr=\count122
\c@ksm@mctr=\count123
\c@xksm@mctr=\count124
\c@cksm@mctr=\count125
\c@msm@mctr=\count126
\c@xmsm@mctr=\count127
\c@cmsm@mctr=\count128
\c@bsm@mctr=\count129
\c@workm@mctr=\count130
\c@sheetsequence=\count131
\c@lastsheet=\count132
\c@lastpage=\count133
\c@figure=\count134
\c@lofdepth=\count135
\cftbeforefigureskip=\skip179
\cftfigureindent=\skip180
\cftfigurenumwidth=\skip181
\c@table=\count136
\c@lotdepth=\count137
\cftbeforetableskip=\skip182
\cfttableindent=\skip183
\cfttablenumwidth=\skip184
Package abstract [2008/07/23] emulated by memoir.
Package appendix [2008/07/23] emulated by memoir.
Package array [2008/07/23] emulated by memoir.
Package booktabs [2008/07/23] emulated by memoir.
Package ccaption [2008/07/23] emulated by memoir.
Package changepage [2008/07/23] emulated by memoir.
Package chngcntr [2008/07/23] emulated by memoir.
Package chngpage [2008/07/23] emulated by memoir.
Package crop emulated by memoir.
Package dcolumn [2008/07/23] emulated by memoir.
Package delarray [2008/07/23] emulated by memoir.
Package enumerate [2008/07/23] emulated by memoir.
Package epigraph [2008/07/23] emulated by memoir.
Package ifmtarg [2008/07/23] emulated by memoir.
Package ifetex [2008/07/23] emulated by memoir.
Package index [2008/07/23] emulated by memoir.
Package makeidx [2008/07/23] emulated by memoir.
Package moreverb [2008/07/23] emulated by memoir.
Package mparhack [2008/07/23] emulated by memoir.
Package needspace [2008/07/23] emulated by memoir.
Package newfile [2008/07/23] emulated by memoir.
Package nextpage [2008/07/23] emulated by memoir.
Package pagenote [2008/07/23] emulated by memoir.
Package parskip [2008/07/23] emulated by memoir.
Package patchcmd [2008/07/23] emulated by memoir.
Package setspace [2008/07/23] emulated by memoir.
Package shortvrb [2008/07/23] emulated by memoir.
Package showidx [2008/07/23] emulated by memoir.
Package tabularx [2008/07/23] emulated by memoir.
Package titleref [2008/07/23] emulated by memoir.
Package titling [2008/07/23] emulated by memoir.
Package tocbibind [2008/07/23] emulated by memoir.
Package tocloft [2008/07/23] emulated by memoir.
Package tocvsec2 [2008/07/23] emulated by memoir.
Package verbatim [2008/07/23] emulated by memoir.
Package verse [2008/07/23] emulated by memoir.

(/usr/local/texlive/2011basic/texmf-dist/tex/latex/memoir/mempatch.sty
Package: mempatch 2009/07/24 v6.0f Patches for memoir class v1.6180339
))
(/Users/hs/Library/texmf/tex/latex/mmd/mmd-memoir-setup.tex
(/usr/local/texlive/2011basic/texmf-dist/tex/latex/layouts/layouts.sty
Package: layouts 2009/09/02 v2.6d graphical depiction of document elements
\l@ylen=\skip185
\layoutsbox=\box29
\l@youtunitlength=\skip186
\l@youtlinethick=\skip187
\l@youtlinethickii=\skip188
\l@ysetupparskip=\skip189
\l@ysetupbaselineskip=\skip190
\l@yonem=\skip191
\l@yonex=\skip192
\l@ylmarg=\skip193
\l@yrmarg=\skip194
\l@yitmindent=\skip195
\l@ylblwidth=\skip196
\l@ylblsep=\skip197
\l@ylparindent=\skip198
\l@ytsep=\skip199
\l@ypskip=\skip200
\l@yptsep=\skip201
\l@ypsep=\skip202
\l@yitmsep=\skip203
\l@ytok=\toks22
\l@youtpw=\count138
\l@youtph=\count139
\l@youthpi=\count140
\l@youthpii=\count141
\l@youthpiii=\count142
\l@youthpiv=\count143
\l@youthpv=\count144
\l@youthpvi=\count145
\l@youthpvii=\count146
\l@youtparskip=\count147
\l@youtvpi=\count148
\l@youtvpii=\count149
\l@youtvpiii=\count150
\l@youtvpiv=\count151
\l@youtvpv=\count152
\l@youtvpvi=\count153
\l@youtvpvii=\count154
\l@youthdo=\count155
\l@youthdi=\count156
\l@youthdii=\count157
\l@youthdiii=\count158
\l@youthdiv=\count159
\l@youthdv=\count160
\l@youthdvi=\count161
\l@youthdvii=\count162
\l@youtvdo=\count163
\l@youtvdi=\count164
\l@youtvdii=\count165
\l@youtvdiii=\count166
\l@youtvdiv=\count167
\l@youtvdv=\count168
\l@youtvdvi=\count169
\l@youtvdvii=\count170
\l@youtvdviii=\count171
\l@youtxci=\count172
\l@youtxcii=\count173
\l@youtxciii=\count174
\l@youtxciv=\count175
\l@youtxcv=\count176
\l@youtxcvi=\count177
\l@youtyci=\count178
\l@youtycii=\count179
\l@youtyciii=\count180
\l@youtyciv=\count181
\l@youtycv=\count182
\l@youtycvi=\count183
\l@youtycvii=\count184
\l@youtycviii=\count185
\l@youtxco=\count186
\l@youtyco=\count187
\l@ytempdima=\skip204
)
(/usr/local/texlive/2011basic/texmf-dist/tex/latex/glossaries/base/glossaries.s
ty
Package: glossaries 2011/04/12 v3.01 (NLCT)
 (/usr/local/texlive/2011basic/texmf-dist/tex/latex/base/ifthen.sty
Package: ifthen 2001/05/26 v1.1c Standard LaTeX ifthen package (DPC)
)
(/usr/local/texlive/2011basic/texmf-dist/tex/latex/xkeyval/xkeyval.sty
Package: xkeyval 2008/08/13 v2.6a package option processing (HA)

(/usr/local/texlive/2011basic/texmf-dist/tex/generic/xkeyval/xkeyval.tex
\XKV@toks=\toks23
\XKV@tempa@toks=\toks24
\XKV@depth=\count188
File: xkeyval.tex 2008/08/13 v2.6a key=value parser (HA)

(/usr/local/texlive/2011basic/texmf-dist/tex/generic/xkeyval/keyval.tex)))
(/usr/local/texlive/2011basic/texmf-dist/tex/latex/glossaries/base/mfirstuc.sty
Package: mfirstuc 2011/04/02 v1.05 (NLCT)
\@glsmfirst=\toks25
\@glsmrest=\toks26
) (/usr/local/texlive/2011basic/texmf-dist/tex/latex/xfor/xfor.sty
Package: xfor 2009/02/05 v1.05 (NLCT)
)
(/usr/local/texlive/2011basic/texmf-dist/tex/latex/amsmath/amsgen.sty
File: amsgen.sty 1999/11/30 v2.0
\@emptytoks=\toks27
\ex@=\dimen147
)
(/usr/local/texlive/2011basic/texmf-dist/tex/latex/etoolbox/etoolbox.sty
Package: etoolbox 2011/01/03 v2.1 e-TeX tools for LaTeX
\etb@tempcnta=\count189
)

Package glossaries Warning: overriding \glossarymark on input line 515.

\gls@level=\count190
\@gls@tmpb=\toks28
\gls@tmplen=\skip205
\glswrite=\write4

Package glossaries Warning: Overriding \printglossary on input line 3184.


Package glossaries Warning: overriding `theglossary' environment on input line 
3354.

\glskeylisttok=\toks29
\glslabeltok=\toks30
\glsshorttok=\toks31
\glslongtok=\toks32

(/usr/local/texlive/2011basic/texmf-dist/tex/latex/glossaries/styles/glossary-h
ypernav.sty
Package: glossary-hypernav 2007/07/04 v1.01 (NLCT)
)
(/usr/local/texlive/2011basic/texmf-dist/tex/latex/glossaries/styles/glossary-l
ist.sty
Package: glossary-list 2011/03/28 v3.0 (NLCT)
\glslistdottedwidth=\skip206
)
(/usr/local/texlive/2011basic/texmf-dist/tex/latex/glossaries/styles/glossary-l
ong.sty
Package: glossary-long 2011/03/28 v3.0 (NLCT)
 (/usr/local/texlive/2011basic/texmf-dist/tex/latex/tools/longtable.sty
Package: longtable 2004/02/01 v4.11 Multi-page Table package (DPC)
\LTleft=\skip207
\LTright=\skip208
\LTpre=\skip209
\LTpost=\skip210
\LTchunksize=\count191
\LTcapwidth=\dimen148
\LT@head=\box30
\LT@firsthead=\box31
\LT@foot=\box32
\LT@lastfoot=\box33
\LT@cols=\count192
\LT@rows=\count193
\c@LT@tables=\count194
\c@LT@chunks=\count195
\LT@p@ftn=\toks33
)
\glsdescwidth=\skip211
\glspagelistwidth=\skip212
)
(/usr/local/texlive/2011basic/texmf-dist/tex/latex/glossaries/styles/glossary-t
ree.sty
Package: glossary-tree 2011/03/28 v3.0 (NLCT)
\glstreeindent=\skip213
))
\glo@main@file=\write5
\openout5 = `guide.glo'.

Package glossaries Info: Writing glossary file guide.glo on input line 11.
\guide@idxfile=\write6
\openout6 = `guide.idx'.


Writing index file guide.idx 
(/Users/hs/Library/texmf/tex/latex/mmd/mmd-memoir-layout-8.5x11.tex)

******************************************************
Stock height and width: 794.96999pt by 614.295pt
Top and edge trims: 0pt and 0pt
Page height and width: 794.96999pt by 614.295pt
Text height and width: 586pt by 397pt
Spine and edge margins: 108.405pt and 108.405pt
Upper and lower margins: 108.405pt and 100.56499pt
Headheight and headsep: 12pt and 24pt
Footskip: 24pt
Columnsep and columnseprule: 10pt and 0pt
Marginparsep and marginparwidth: 17pt and 51pt
Sidecapsep and sidecapwidth: 7pt and 71pt
Sidebarhsep and sidebarwidth: 7pt and 71pt
Sidebarvsep and sidebartopsep: 12pt and 0pt
Sidebarheight: 548.39996pt
Sidefoothsep and sidefootwidth: 7pt and 71pt
Sidefootvsep and sidefootheight: 12pt and 548.39996pt
******************************************************

(/Users/hs/Library/texmf/tex/latex/mmd/mmd-memoir-packages.tex
(/usr/local/texlive/2011basic/texmf-dist/tex/latex/fancyvrb/fancyvrb.sty
Package: fancyvrb 2008/02/07

Style option: `fancyvrb' v2.7a, with DG/SPQR fixes, and firstline=lastline fix 
<2008/02/07> (tvz)
\FV@CodeLineNo=\count196
\FV@InFile=\read2
\FV@TabBox=\box34
\c@FancyVerbLine=\count197
\FV@StepNumber=\count198
\FV@OutFile=\write7
)
(/usr/local/texlive/2011basic/texmf-dist/tex/latex/graphics/graphicx.sty
Package: graphicx 1999/02/16 v1.0f Enhanced LaTeX Graphics (DPC,SPQR)

(/usr/local/texlive/2011basic/texmf-dist/tex/latex/graphics/graphics.sty
Package: graphics 2009/02/05 v1.0o Standard LaTeX Graphics (DPC,SPQR)

(/usr/local/texlive/2011basic/texmf-dist/tex/latex/graphics/trig.sty
Package: trig 1999/03/16 v1.09 sin cos tan (DPC)
)
(/usr/local/texlive/2011basic/texmf-dist/tex/latex/latexconfig/graphics.cfg
File: graphics.cfg 2010/04/23 v1.9 graphics configuration of TeX Live
)
Package graphics Info: Driver file: pdftex.def on input line 91.

(/usr/local/texlive/2011basic/texmf-dist/tex/latex/pdftex-def/pdftex.def
File: pdftex.def 2011/05/27 v0.06d Graphics/color for pdfTeX

(/usr/local/texlive/2011basic/texmf-dist/tex/generic/oberdiek/infwarerr.sty
Package: infwarerr 2010/04/08 v1.3 Providing info/warning/message (HO)
)
(/usr/local/texlive/2011basic/texmf-dist/tex/generic/oberdiek/ltxcmds.sty
Package: ltxcmds 2011/04/18 v1.20 LaTeX kernel commands for general use (HO)
)
\Gread@gobject=\count199
))
\Gin@req@height=\dimen149
\Gin@req@width=\dimen150
)
(/usr/local/texlive/2011basic/texmf-dist/tex/latex/tabulary/tabulary.sty
Package: tabulary 2008/12/01 v0.9 tabulary package (DPC)
\TY@count=\count200
\TY@linewidth=\dimen151
\tymin=\dimen152
\tymax=\dimen153
\TY@tablewidth=\dimen154
)
(/usr/local/texlive/2011basic/texmf-dist/tex/latex/base/inputenc.sty
Package: inputenc 2008/03/30 v1.1d Input encoding file
\inpenc@prehook=\toks34
\inpenc@posthook=\toks35

(/usr/local/texlive/2011basic/texmf-dist/tex/latex/base/utf8.def
File: utf8.def 2008/04/05 v1.1m UTF-8 support for inputenc
Now handling font encoding OML ...
... no UTF-8 mapping file for font encoding OML
Now handling font encoding T1 ...
... processing UTF-8 mapping file for font encoding T1

(/usr/local/texlive/2011basic/texmf-dist/tex/latex/base/t1enc.dfu
File: t1enc.dfu 2008/04/05 v1.1m UTF-8 support for inputenc
   defining Unicode char U+00A1 (decimal 161)
   defining Unicode char U+00A3 (decimal 163)
   defining Unicode char U+00AB (decimal 171)
   defining Unicode char U+00BB (decimal 187)
   defining Unicode char U+00BF (decimal 191)
   defining Unicode char U+00C0 (decimal 192)
   defining Unicode char U+00C1 (decimal 193)
   defining Unicode char U+00C2 (decimal 194)
   defining Unicode char U+00C3 (decimal 195)
   defining Unicode char U+00C4 (decimal 196)
   defining Unicode char U+00C5 (decimal 197)
   defining Unicode char U+00C6 (decimal 198)
   defining Unicode char U+00C7 (decimal 199)
   defining Unicode char U+00C8 (decimal 200)
   defining Unicode char U+00C9 (decimal 201)
   defining Unicode char U+00CA (decimal 202)
   defining Unicode char U+00CB (decimal 203)
   defining Unicode char U+00CC (decimal 204)
   defining Unicode char U+00CD (decimal 205)
   defining Unicode char U+00CE (decimal 206)
   defining Unicode char U+00CF (decimal 207)
   defining Unicode char U+00D0 (decimal 208)
   defining Unicode char U+00D1 (decimal 209)
   defining Unicode char U+00D2 (decimal 210)
   defining Unicode char U+00D3 (decimal 211)
   defining Unicode char U+00D4 (decimal 212)
   defining Unicode char U+00D5 (decimal 213)
   defining Unicode char U+00D6 (decimal 214)
   defining Unicode char U+00D8 (decimal 216)
   defining Unicode char U+00D9 (decimal 217)
   defining Unicode char U+00DA (decimal 218)
   defining Unicode char U+00DB (decimal 219)
   defining Unicode char U+00DC (decimal 220)
   defining Unicode char U+00DD (decimal 221)
   defining Unicode char U+00DE (decimal 222)
   defining Unicode char U+00DF (decimal 223)
   defining Unicode char U+00E0 (decimal 224)
   defining Unicode char U+00E1 (decimal 225)
   defining Unicode char U+00E2 (decimal 226)
   defining Unicode char U+00E3 (decimal 227)
   defining Unicode char U+00E4 (decimal 228)
   defining Unicode char U+00E5 (decimal 229)
   defining Unicode char U+00E6 (decimal 230)
   defining Unicode char U+00E7 (decimal 231)
   defining Unicode char U+00E8 (decimal 232)
   defining Unicode char U+00E9 (decimal 233)
   defining Unicode char U+00EA (decimal 234)
   defining Unicode char U+00EB (decimal 235)
   defining Unicode char U+00EC (decimal 236)
   defining Unicode char U+00ED (decimal 237)
   defining Unicode char U+00EE (decimal 238)
   defining Unicode char U+00EF (decimal 239)
   defining Unicode char U+00F0 (decimal 240)
   defining Unicode char U+00F1 (decimal 241)
   defining Unicode char U+00F2 (decimal 242)
   defining Unicode char U+00F3 (decimal 243)
   defining Unicode char U+00F4 (decimal 244)
   defining Unicode char U+00F5 (decimal 245)
   defining Unicode char U+00F6 (decimal 246)
   defining Unicode char U+00F8 (decimal 248)
   defining Unicode char U+00F9 (decimal 249)
   defining Unicode char U+00FA (decimal 250)
   defining Unicode char U+00FB (decimal 251)
   defining Unicode char U+00FC (decimal 252)
   defining Unicode char U+00FD (decimal 253)
   defining Unicode char U+00FE (decimal 254)
   defining Unicode char U+00FF (decimal 255)
   defining Unicode char U+0102 (decimal 258)
   defining Unicode char U+0103 (decimal 259)
   defining Unicode char U+0104 (decimal 260)
   defining Unicode char U+0105 (decimal 261)
   defining Unicode char U+0106 (decimal 262)
   defining Unicode char U+0107 (decimal 263)
   defining Unicode char U+010C (decimal 268)
   defining Unicode char U+010D (decimal 269)
   defining Unicode char U+010E (decimal 270)
   defining Unicode char U+010F (decimal 271)
   defining Unicode char U+0110 (decimal 272)
   defining Unicode char U+0111 (decimal 273)
   defining Unicode char U+0118 (decimal 280)
   defining Unicode char U+0119 (decimal 281)
   defining Unicode char U+011A (decimal 282)
   defining Unicode char U+011B (decimal 283)
   defining Unicode char U+011E (decimal 286)
   defining Unicode char U+011F (decimal 287)
   defining Unicode char U+0130 (decimal 304)
   defining Unicode char U+0131 (decimal 305)
   defining Unicode char U+0132 (decimal 306)
   defining Unicode char U+0133 (decimal 307)
   defining Unicode char U+0139 (decimal 313)
   defining Unicode char U+013A (decimal 314)
   defining Unicode char U+013D (decimal 317)
   defining Unicode char U+013E (decimal 318)
   defining Unicode char U+0141 (decimal 321)
   defining Unicode char U+0142 (decimal 322)
   defining Unicode char U+0143 (decimal 323)
   defining Unicode char U+0144 (decimal 324)
   defining Unicode char U+0147 (decimal 327)
   defining Unicode char U+0148 (decimal 328)
   defining Unicode char U+014A (decimal 330)
   defining Unicode char U+014B (decimal 331)
   defining Unicode char U+0150 (decimal 336)
   defining Unicode char U+0151 (decimal 337)
   defining Unicode char U+0152 (decimal 338)
   defining Unicode char U+0153 (decimal 339)
   defining Unicode char U+0154 (decimal 340)
   defining Unicode char U+0155 (decimal 341)
   defining Unicode char U+0158 (decimal 344)
   defining Unicode char U+0159 (decimal 345)
   defining Unicode char U+015A (decimal 346)
   defining Unicode char U+015B (decimal 347)
   defining Unicode char U+015E (decimal 350)
   defining Unicode char U+015F (decimal 351)
   defining Unicode char U+0160 (decimal 352)
   defining Unicode char U+0161 (decimal 353)
   defining Unicode char U+0162 (decimal 354)
   defining Unicode char U+0163 (decimal 355)
   defining Unicode char U+0164 (decimal 356)
   defining Unicode char U+0165 (decimal 357)
   defining Unicode char U+016E (decimal 366)
   defining Unicode char U+016F (decimal 367)
   defining Unicode char U+0170 (decimal 368)
   defining Unicode char U+0171 (decimal 369)
   defining Unicode char U+0178 (decimal 376)
   defining Unicode char U+0179 (decimal 377)
   defining Unicode char U+017A (decimal 378)
   defining Unicode char U+017B (decimal 379)
   defining Unicode char U+017C (decimal 380)
   defining Unicode char U+017D (decimal 381)
   defining Unicode char U+017E (decimal 382)
   defining Unicode char U+200C (decimal 8204)
   defining Unicode char U+2013 (decimal 8211)
   defining Unicode char U+2014 (decimal 8212)
   defining Unicode char U+2018 (decimal 8216)
   defining Unicode char U+2019 (decimal 8217)
   defining Unicode char U+201A (decimal 8218)
   defining Unicode char U+201C (decimal 8220)
   defining Unicode char U+201D (decimal 8221)
   defining Unicode char U+201E (decimal 8222)
   defining Unicode char U+2030 (decimal 8240)
   defining Unicode char U+2031 (decimal 8241)
   defining Unicode char U+2039 (decimal 8249)
   defining Unicode char U+203A (decimal 8250)
   defining Unicode char U+2423 (decimal 9251)
)
Now handling font encoding OT1 ...
... processing UTF-8 mapping file for font encoding OT1

(/usr/local/texlive/2011basic/texmf-dist/tex/latex/base/ot1enc.dfu
File: ot1enc.dfu 2008/04/05 v1.1m UTF-8 support for inputenc
   defining Unicode char U+00A1 (decimal 161)
   defining Unicode char U+00A3 (decimal 163)
   defining Unicode char U+00B8 (decimal 184)
   defining Unicode char U+00BF (decimal 191)
   defining Unicode char U+00C5 (decimal 197)
   defining Unicode char U+00C6 (decimal 198)
   defining Unicode char U+00D8 (decimal 216)
   defining Unicode char U+00DF (decimal 223)
   defining Unicode char U+00E6 (decimal 230)
   defining Unicode char U+00EC (decimal 236)
   defining Unicode char U+00ED (decimal 237)
   defining Unicode char U+00EE (decimal 238)
   defining Unicode char U+00EF (decimal 239)
   defining Unicode char U+00F8 (decimal 248)
   defining Unicode char U+0131 (decimal 305)
   defining Unicode char U+0141 (decimal 321)
   defining Unicode char U+0142 (decimal 322)
   defining Unicode char U+0152 (decimal 338)
   defining Unicode char U+0153 (decimal 339)
   defining Unicode char U+2013 (decimal 8211)
   defining Unicode char U+2014 (decimal 8212)
   defining Unicode char U+2018 (decimal 8216)
   defining Unicode char U+2019 (decimal 8217)
   defining Unicode char U+201C (decimal 8220)
   defining Unicode char U+201D (decimal 8221)
)
Now handling font encoding OMS ...
... processing UTF-8 mapping file for font encoding OMS

(/usr/local/texlive/2011basic/texmf-dist/tex/latex/base/omsenc.dfu
File: omsenc.dfu 2008/04/05 v1.1m UTF-8 support for inputenc
   defining Unicode char U+00A7 (decimal 167)
   defining Unicode char U+00B6 (decimal 182)
   defining Unicode char U+00B7 (decimal 183)
   defining Unicode char U+2020 (decimal 8224)
   defining Unicode char U+2021 (decimal 8225)
   defining Unicode char U+2022 (decimal 8226)
)
Now handling font encoding OMX ...
... no UTF-8 mapping file for font encoding OMX
Now handling font encoding U ...
... no UTF-8 mapping file for font encoding U
   defining Unicode char U+00A9 (decimal 169)
   defining Unicode char U+00AA (decimal 170)
   defining Unicode char U+00AE (decimal 174)
   defining Unicode char U+00BA (decimal 186)
   defining Unicode char U+02C6 (decimal 710)
   defining Unicode char U+02DC (decimal 732)
   defining Unicode char U+200C (decimal 8204)
   defining Unicode char U+2026 (decimal 8230)
   defining Unicode char U+2122 (decimal 8482)
   defining Unicode char U+2423 (decimal 9251)
))
(/usr/local/texlive/2011basic/texmf-dist/tex/latex/base/fontenc.sty
Package: fontenc 2005/09/27 v1.99g Standard LaTeX package

(/usr/local/texlive/2011basic/texmf-dist/tex/latex/base/t1enc.def
File: t1enc.def 2005/09/27 v1.99g Standard LaTeX file
LaTeX Font Info:    Redeclaring font encoding T1 on input line 43.
))
(/usr/local/texlive/2011basic/texmf-dist/tex/latex/xcolor/xcolor.sty
Package: xcolor 2007/01/21 v2.11 LaTeX color extensions (UK)

(/usr/local/texlive/2011basic/texmf-dist/tex/latex/latexconfig/color.cfg
File: color.cfg 2007/01/18 v1.5 color configuration of teTeX/TeXLive
)
Package xcolor Info: Driver file: pdftex.def on input line 225.
Package xcolor Info: Model `cmy' substituted by `cmy0' on input line 1337.
Package xcolor Info: Model `hsb' substituted by `rgb' on input line 1341.
Package xcolor Info: Model `RGB' extended on input line 1353.
Package xcolor Info: Model `HTML' substituted by `rgb' on input line 1355.
Package xcolor Info: Model `Hsb' substituted by `hsb' on input line 1356.
Package xcolor Info: Model `tHsb' substituted by `hsb' on input line 1357.
Package xcolor Info: Model `HSB' substituted by `hsb' on input line 1358.
Package xcolor Info: Model `Gray' substituted by `gray' on input line 1359.
Package xcolor Info: Model `wave' substituted by `hsb' on input line 1360.
)
(/usr/local/texlive/2011basic/texmf-dist/tex/latex/natbib/natbib.sty
Package: natbib 2010/09/13 8.31b (PWD, AO)
\bibhang=\skip214
\bibsep=\skip215
LaTeX Info: Redefining \cite on input line 694.
\c@NAT@ctr=\count201
))
(/Users/hs/Library/texmf/tex/latex/mmd/mmd-default-metadata.tex)))
(/Users/hs/Library/texmf/tex/latex/mmd/mmd-memoir-begin-doc.tex
(/usr/local/texlive/2011basic/texmf-dist/tex/latex/hyperref/hyperref.sty
Package: hyperref 2011/04/17 v6.82g Hypertext links for LaTeX

(/usr/local/texlive/2011basic/texmf-dist/tex/generic/oberdiek/hobsub-hyperref.s
ty
Package: hobsub-hyperref 2011/04/23 v1.4 Bundle oberdiek, subset hyperref (HO)

(/usr/local/texlive/2011basic/texmf-dist/tex/generic/oberdiek/hobsub-generic.st
y
Package: hobsub-generic 2011/04/23 v1.4 Bundle oberdiek, subset generic (HO)
Package: hobsub 2011/04/23 v1.4 Subsetting bundle oberdiek (HO)
Package hobsub Info: Skipping package `infwarerr' (already loaded).
Package hobsub Info: Skipping package `ltxcmds' (already loaded).
Package hobsub Info: Skipping package `ifluatex' (already loaded).
Package: ifvtex 2010/03/01 v1.5 Switches for detecting VTeX and its modes (HO)
Package ifvtex Info: VTeX not detected.
Package: intcalc 2007/09/27 v1.1 Expandable integer calculations (HO)
Package hobsub Info: Skipping package `ifpdf' (already loaded).
Package: etexcmds 2011/02/16 v1.5 Prefix for e-TeX command names (HO)
Package etexcmds Info: Could not find \expanded.
(etexcmds)             That can mean that you are not using pdfTeX 1.50 or
(etexcmds)             that some package has redefined \expanded.
(etexcmds)             In the latter case, load this package earlier.
Package: kvsetkeys 2011/04/07 v1.13 Key value parser (HO)
Package: kvdefinekeys 2011/04/07 v1.3 Defining keys (HO)
Package: pdftexcmds 2011/04/22 v0.16 Utilities of pdfTeX for LuaTeX (HO)
Package pdftexcmds Info: LuaTeX not detected.
Package pdftexcmds Info: \pdf@primitive is available.
Package pdftexcmds Info: \pdf@ifprimitive is available.
Package pdftexcmds Info: \pdfdraftmode found.
Package: pdfescape 2011/04/04 v1.12 Provides string conversions (HO)
Package: bigintcalc 2011/01/30 v1.2 Expandable big integer calculations (HO)
Package: bitset 2011/01/30 v1.1 Data type bit set (HO)
Package: uniquecounter 2011/01/30 v1.2 Provides unlimited unique counter (HO)
)
Package hobsub Info: Skipping package `hobsub' (already loaded).
Package: letltxmacro 2010/09/02 v1.4 Let assignment for LaTeX macros (HO)
Package: hopatch 2011/01/30 v1.0 Wrapper for package hooks (HO)
Package: xcolor-patch 2011/01/30 xcolor patch
Package: atveryend 2011/04/23 v1.7 Hooks at very end of document (HO)
Package: atbegshi 2011/01/30 v1.15 At begin shipout hook (HO)
Package: refcount 2010/12/01 v3.2 Data extraction from references (HO)
Package: hycolor 2011/01/30 v1.7 Color options of hyperref/bookmark (HO)
) (/usr/local/texlive/2011basic/texmf-dist/tex/latex/oberdiek/kvoptions.sty
Package: kvoptions 2010/12/23 v3.10 Keyval support for LaTeX options (HO)
)
\@linkdim=\dimen155
\Hy@linkcounter=\count202
\Hy@pagecounter=\count203

(/usr/local/texlive/2011basic/texmf-dist/tex/latex/hyperref/pd1enc.def
File: pd1enc.def 2011/04/17 v6.82g Hyperref: PDFDocEncoding definition (HO)
Now handling font encoding PD1 ...
... no UTF-8 mapping file for font encoding PD1
)
\Hy@SavedSpaceFactor=\count204

(/usr/local/texlive/2011basic/texmf-dist/tex/latex/latexconfig/hyperref.cfg
File: hyperref.cfg 2002/06/06 v1.2 hyperref configuration of TeXLive
)
Package hyperref Info: Option `plainpages' set `false' on input line 3905.
Package hyperref Info: Option `pdfpagelabels' set `true' on input line 3905.
Package hyperref Info: Hyper figures OFF on input line 4026.
Package hyperref Info: Link nesting OFF on input line 4031.
Package hyperref Info: Hyper index ON on input line 4034.
Package hyperref Info: Plain pages OFF on input line 4041.
Package hyperref Info: Backreferencing ON on input line 4044.
Package hyperref Info: Implicit mode ON; LaTeX internals redefined.
Package hyperref Info: Bookmarks ON on input line 4264.

(/usr/local/texlive/2011basic/texmf-dist/tex/latex/hyperref/backref.sty
Package: backref 2010/08/30 v1.36 Bibliographical back referencing

(/usr/local/texlive/2011basic/texmf-dist/tex/latex/oberdiek/rerunfilecheck.sty
Package: rerunfilecheck 2011/04/15 v1.7 Rerun checks for auxiliary files (HO)
Package uniquecounter Info: New unique counter `rerunfilecheck' on input line 2
82.
))
\c@Hy@tempcnt=\count205
 (/usr/local/texlive/2011basic/texmf-dist/tex/latex/url/url.sty
\Urlmuskip=\muskip10
Package: url 2006/04/12  ver 3.3  Verb mode for urls, etc.
)
LaTeX Info: Redefining \url on input line 4617.
\Fld@menulength=\count206
\Field@Width=\dimen156
\Fld@charsize=\dimen157
Package hyperref Info: Hyper figures OFF on input line 5701.
Package hyperref Info: Link nesting OFF on input line 5706.
Package hyperref Info: Hyper index ON on input line 5709.
Package hyperref Info: backreferencing ON on input line 5714.
Package hyperref Info: Link coloring OFF on input line 5721.
Package hyperref Info: Link coloring with OCG OFF on input line 5726.
Package hyperref Info: PDF/A mode OFF on input line 5731.
LaTeX Info: Redefining \ref on input line 5771.
LaTeX Info: Redefining \pageref on input line 5775.
\Hy@abspage=\count207
\c@Item=\count208
)
(/usr/local/texlive/2011basic/texmf-dist/tex/latex/memoir/memhfixc.sty
Package: memhfixc 2010/08/17 v1.15 nameref/hyperref package fixes for memoir cl
ass
\c@memhycontfloat=\count209
)

Package hyperref Message: Driver (autodetected): hpdftex.

(/usr/local/texlive/2011basic/texmf-dist/tex/latex/hyperref/hpdftex.def
File: hpdftex.def 2011/04/17 v6.82g Hyperref driver for pdfTeX
\Fld@listcount=\count210
\c@bookmark@seq@number=\count211
\Hy@SectionHShift=\skip216
)
(/Users/hs/Library/texmf/tex/latex/mmd/mmd-title.tex) (./guide.aux

LaTeX Warning: Label `git' multiply defined.


LaTeX Warning: Label `git' multiply defined.


LaTeX Warning: Label `specialdirectories' multiply defined.

)
\openout1 = `guide.aux'.

LaTeX Font Info:    Checking defaults for OML/cmm/m/it on input line 25.
LaTeX Font Info:    ... okay on input line 25.
LaTeX Font Info:    Checking defaults for T1/cmr/m/n on input line 25.
LaTeX Font Info:    ... okay on input line 25.
LaTeX Font Info:    Checking defaults for OT1/cmr/m/n on input line 25.
LaTeX Font Info:    ... okay on input line 25.
LaTeX Font Info:    Checking defaults for OMS/cmsy/m/n on input line 25.
LaTeX Font Info:    ... okay on input line 25.
LaTeX Font Info:    Checking defaults for OMX/cmex/m/n on input line 25.
LaTeX Font Info:    ... okay on input line 25.
LaTeX Font Info:    Checking defaults for U/cmr/m/n on input line 25.
LaTeX Font Info:    ... okay on input line 25.
LaTeX Font Info:    Checking defaults for PD1/pdf/m/n on input line 25.
LaTeX Font Info:    ... okay on input line 25.


Package layouts Warning: Layout scale set to 0.5 on input line 25.

(/usr/local/texlive/2011basic/texmf-dist/tex/context/base/supp-pdf.mkii
[Loading MPS to PDF converter (version 2006.09.02).]
\scratchcounter=\count212
\scratchdimen=\dimen158
\scratchbox=\box35
\nofMPsegments=\count213
\nofMParguments=\count214
\everyMPshowfont=\toks36
\MPscratchCnt=\count215
\MPscratchDim=\dimen159
\MPnumerator=\count216
\makeMPintoPDFobject=\count217
\everyMPtoPDFconversion=\toks37
) (/usr/local/texlive/2011basic/texmf-dist/tex/latex/oberdiek/epstopdf-base.sty
Package: epstopdf-base 2010/02/09 v2.5 Base part for package epstopdf
(/usr/local/texlive/2011basic/texmf-dist/tex/latex/oberdiek/grfext.sty
Package: grfext 2010/08/19 v1.1 Managing graphics extensions (HO)
)
Package grfext Info: Graphics extension search list:
(grfext)             [.png,.pdf,.jpg,.mps,.jpeg,.jbig2,.jb2,.PNG,.PDF,.JPG,.JPE
G,.JBIG2,.JB2,.eps]
(grfext)             \AppendGraphicsExtensions on input line 452.

(/usr/local/texlive/2011basic/texmf-dist/tex/latex/latexconfig/epstopdf-sys.cfg
File: epstopdf-sys.cfg 2010/07/13 v1.3 Configuration of (r)epstopdf for TeX Liv
e
))
\AtBeginShipoutBox=\box36
Package backref Info: ** backref set up for natbib ** on input line 25.
Package hyperref Info: Link coloring OFF on input line 25.
 (/usr/local/texlive/2011basic/texmf-dist/tex/latex/hyperref/nameref.sty
Package: nameref 2010/04/30 v2.40 Cross-referencing by name of section

(/usr/local/texlive/2011basic/texmf-dist/tex/generic/oberdiek/gettitlestring.st
y
Package: gettitlestring 2010/12/03 v1.4 Cleanup title references (HO)
)
\c@section@level=\count218
)
Redoing nameref's sectioning
Redoing nameref's label
LaTeX Info: Redefining \nameref on input line 25.
LaTeX Info: Redefining \ref on input line 25.
LaTeX Info: Redefining \pageref on input line 25.
LaTeX Info: Redefining \nameref on input line 25.
(./guide.out) (./guide.out)
\@outlinefile=\write8
\openout8 = `guide.out'.

LaTeX Font Info:    External font `cmex10' loaded for size
(Font)              <10.95> on input line 35.
LaTeX Font Info:    External font `cmex10' loaded for size
(Font)              <8> on input line 35.
LaTeX Font Info:    External font `cmex10' loaded for size
(Font)              <6> on input line 35.
 [1

\openout4 = `guide.ist'.


{/usr/local/texlive/2011basic/texmf-var/fonts/map/pdftex/updmap/pdftex.map}]
(/Users/hs/Library/texmf/tex/latex/mmd/mmd-memoir-copyright.tex
LaTeX Font Info:    External font `cmex10' loaded for size
(Font)              <7> on input line 15.
LaTeX Font Info:    External font `cmex10' loaded for size
(Font)              <5> on input line 15.
 [2

])
(./guide.toc [3

]) [4])
LaTeX Font Info:    Try loading font information for OMS+cmr on input line 19.

(/usr/local/texlive/2011basic/texmf-dist/tex/latex/base/omscmr.fd
File: omscmr.fd 1999/05/25 v2.5h Standard LaTeX font definitions
)
LaTeX Font Info:    Font shape `OMS/cmr/m/n' in size <10> not available
(Font)              Font shape `OMS/cmsy/m/n' tried instead on input line 19.
LaTeX Font Info:    Try loading font information for T1+cmtt on input line 51.

(/usr/local/texlive/2011basic/texmf-dist/tex/latex/base/t1cmtt.fd
File: t1cmtt.fd 1999/05/25 v2.5h Standard LaTeX font definitions
)
Overfull \hbox (16.39905pt too wide) in paragraph at lines 54--54
 []\T1/cmtt/m/n/10 cloudnode info initializing git repo for <app name> into fol
der <app name>[] 
 []


Overfull \hbox (284.08368pt too wide) in paragraph at lines 55--55
 []\T1/cmtt/m/n/10 cloudnode info cloning the repo git clone cloudnode@git.clou
dno.de:/git/hs/62-6fc0d44abf9974b91625cc10ff118871.git <app name>[] 
 []

[1


] [2]
Overfull \hbox (21.64777pt too wide) in paragraph at lines 136--136
 []\T1/cmtt/m/n/10 To cloudnode@git.cloudno.de:/git/hs/62-6fc0d44abf9974b91625c
c10ff118871.git[] 
 []

[3] [4

] [5] [6] [7

] [8

]
Overfull \hbox (16.39905pt too wide) in paragraph at lines 376--376
 []               \T1/cmtt/m/n/10 - Set an sshkey (if no argument, ~/.ssh/id_rs
a.pub is used)[] 
 []


Overfull \hbox (32.1452pt too wide) in paragraph at lines 378--378
 []               \T1/cmtt/m/n/10 <file containing ssh public key> <coupon code
> - Create a user[] 
 []

[9]
Overfull \hbox (63.63751pt too wide) in paragraph at lines 392--392
 []\T1/cmtt/m/n/10 cloudnode <appname> is not required if inside an app directo
ry after you call setup[] 
 []


Overfull \hbox (16.39905pt too wide) in paragraph at lines 393--393
 []\T1/cmtt/m/n/10 cloudnode app setup <appname> - Configure this app for futur
e app commands[] 
 []


Overfull \hbox (21.64777pt too wide) in paragraph at lines 398--398
 []              \T1/cmtt/m/n/10 - Creates a new app named <appname>, <startfil
e> is optional.[] 
 []


Overfull \hbox (84.63239pt too wide) in paragraph at lines 414--414
 []\T1/cmtt/m/n/10 cloudnode All arguments after install|update|uninstall will 
be sent to npm as packages.[] 
 []


Overfull \hbox (84.63239pt too wide) in paragraph at lines 415--415
 []\T1/cmtt/m/n/10 cloudnode npm install <packages> - Installs the list of spec
ified packages to this app.[] 
 []


Overfull \hbox (68.88623pt too wide) in paragraph at lines 416--416
 []\T1/cmtt/m/n/10 cloudnode npm update <packages> - Update the list of specifi
ed packages to this app.[] 
 []


Overfull \hbox (89.8811pt too wide) in paragraph at lines 417--417
 []\T1/cmtt/m/n/10 cloudnode npm uninstall <packages> - Removes the list of spe
cified packages to this app.[] 
 []

[10]
Overfull \hbox (84.63239pt too wide) in paragraph at lines 452--452
 []\T1/cmtt/m/n/10 cloudnode All arguments after install|update|uninstall will 
be sent to npm as packages.[] 
 []


Overfull \hbox (84.63239pt too wide) in paragraph at lines 454--454
 []\T1/cmtt/m/n/10 cloudnode npm install <packages> - Installs the list of spec
ified packages to this app.[] 
 []


Overfull \hbox (68.88623pt too wide) in paragraph at lines 455--455
 []\T1/cmtt/m/n/10 cloudnode npm update <packages> - Update the list of specifi
ed packages to this app.[] 
 []


Overfull \hbox (89.8811pt too wide) in paragraph at lines 456--456
 []\T1/cmtt/m/n/10 cloudnode npm uninstall <packages> - Removes the list of spe
cified packages to this app.[] 
 []

[11

]

LaTeX Warning: Reference `appdomains' on page 12 undefined on input line 483.


LaTeX Warning: Reference `cli-commands' on page 12 undefined on input line 485.


[12

]
Overfull \hbox (53.14008pt too wide) in paragraph at lines 529--529
 []  \T1/cmtt/m/n/10 email=chris@cloudno.de&rsakey=ssh-rsa AAAAB3NzaC1yc..." ht
tps://cloudno.de/user[] 
 []


Overfull \hbox (37.39392pt too wide) in paragraph at lines 545--545
 []\T1/cmtt/m/n/10 $ curl -X PUT -u "testuser:123" -d "password=test" https://a
pi.cloudno.de/user[] 
 []


Overfull \hbox (42.64264pt too wide) in paragraph at lines 546--546
 []\T1/cmtt/m/n/10 $ curl -X PUT -u "testuser:123" -d "rsakey=1234567" https://
api.cloudno.de/user[] 
 []


Overfull \hbox (95.12982pt too wide) in paragraph at lines 583--583
 []\T1/cmtt/m/n/10 $ curl -X POST -u "testuser:123" -d "appname=a&start=hello.j
s" https://api.cloudno.de/app[] 
 []


Overfull \hbox (95.12982pt too wide) in paragraph at lines 599--599
 []\T1/cmtt/m/n/10 $ curl -X PUT -u "testuser:123" -d "appname=a&start=hello1.j
s" https://api.cloudno.de/app[] 
 []

[13]
Overfull \hbox (79.38367pt too wide) in paragraph at lines 615--615
 []\T1/cmtt/m/n/10 $ curl -X PUT -u "testuser:123" -d "appname=a&running=true" 
https://api.cloudno.de/app[] 
 []


Overfull \hbox (42.64264pt too wide) in paragraph at lines 631--631
 []\T1/cmtt/m/n/10 $ curl -X DELETE -u "testuser:123" -d "appname=test" https:/
/api.cloudno.de/app[] 
 []


Overfull \hbox (131.87085pt too wide) in paragraph at lines 689--689
 []\T1/cmtt/m/n/10 $ curl -X PUT -u "testuser:123" -d "appname=test&key=color&v
alue=red" https://api.cloudno.de/env[] 
 []


Overfull \hbox (95.12982pt too wide) in paragraph at lines 705--705
 []\T1/cmtt/m/n/10 $ curl -X DELETE -u "testuser:123" -d "appname=test&key=colo
r" https://api.cloudno.de/env[] 
 []

[14]
Overfull \hbox (22.10217pt too wide) in paragraph at lines 733--735
[]\T1/cmr/m/n/10 Install/Upgrade/Uninstall NPM Pack-ages :: POST Base URL: http
s://api.cloudno.de 
 []


Overfull \hbox (47.89136pt too wide) in paragraph at lines 742--742
 []\T1/cmtt/m/n/10 $ curl -X POST -u "testuser:123" -d "appname=a&action=instal
l&package=express" \[] 
 []


Overfull \hbox (42.64264pt too wide) in paragraph at lines 745--745
 []\T1/cmtt/m/n/10 $ curl -X POST -u "testuser:123" -d "appname=a&action=update
&package=express" \[] 
 []


Overfull \hbox (58.3888pt too wide) in paragraph at lines 748--748
 []\T1/cmtt/m/n/10 $ curl -X POST -u "testuser:123" -d "appname=a&action=uninst
all&package=express" \[] 
 []


Overfull \hbox (0.6529pt too wide) in paragraph at lines 770--770
 []\T1/cmtt/m/n/10 $ curl -X POST -u "testuser:123" -d "appname=test&domain=exa
mple.com" \[] 
 []


Overfull \hbox (11.15033pt too wide) in paragraph at lines 787--787
 []\T1/cmtt/m/n/10 $ curl -X DELETE -u "testuser:123" -d "appname=test&domain=e
xample.com" \[] 
 []

[15] [16] [17] [18

] [19] [20

]
Overfull \hbox (100.37854pt too wide) in paragraph at lines 1074--1074
 []\T1/cmtt/m/n/10 Hi <user>! You've successfully authenticated, but Cloudnode 
does not provide shell access.[] 
 []

[21]
Overfull \hbox (31.85703pt too wide) in paragraph at lines 1088--1089
\T1/cmr/m/n/10 Finding what keys ssh is of-fer-ing to the server is fairly sim-
ple. Run \T1/cmr/m/it/10 ssh -vT cloudnode@git.cloudno.de
 []

[22]
Overfull \hbox (100.37854pt too wide) in paragraph at lines 1143--1143
 []\T1/cmtt/m/n/10 cloudnode info Cloudnode wrapped script starting (32623) at 
 Wed, 06 Apr 2011 23:17:40 GMT[] 
 []


Overfull \hbox (137.11957pt too wide) in paragraph at lines 1144--1144
 []\T1/cmtt/m/n/10 cloudnode info [INFO] You asked to listen on port 8080 but c
loudnode will use port 8007 instead..[] 
 []

[23]

LaTeX Warning: Reference `preparing' on page 24 undefined on input line 1171.


LaTeX Warning: Reference `deploying' on page 24 undefined on input line 1173.

[24

] [25] [26

] [27

] [28

] [29

]
Overfull \hbox (16.56458pt too wide) in paragraph at lines 1339--1340
[]\T1/cmr/m/n/10 After these steps your ap-pli-ca-tion should be reach-able un-
der the URL http://www.example.com. 
 []

[30

] [31] (/Users/hs/Library/texmf/tex/latex/mmd/mmd-memoir-footer.tex
No file guide.gls.
No file guide.ind.
) [32

]
\tf@toc=\write9
\openout9 = `guide.toc'.

Package atveryend Info: Empty hook `BeforeClearDocument' on input line 1348.
Package atveryend Info: Empty hook `AfterLastShipout' on input line 1348.
 (./guide.aux)
Package atveryend Info: Executing hook `AtVeryEndDocument' on input line 1348.
Package atveryend Info: Executing hook `AtEndAfterFileList' on input line 1348.

Package rerunfilecheck Info: File `guide.out' has not changed.
(rerunfilecheck)             Checksum: F6B97B5B2F1E39CB08B222057C6B4E73;2173.


LaTeX Warning: There were undefined references.


LaTeX Warning: There were multiply-defined labels.

 ) 
Here is how much of TeX's memory you used:
 12419 strings out of 494752
 175226 string characters out of 3171020
 335287 words of memory out of 3000000
 15342 multiletter control sequences out of 15000+200000
 19288 words of font info for 41 fonts, out of 3000000 for 9000
 166 hyphenation exceptions out of 8191
 40i,12n,38p,1362b,510s stack positions out of 5000i,500n,10000p,200000b,50000s
 </Users/hs/Library/texlive/2011basic/texmf-var/fonts/pk/ljfour/jknappen/ec/e
cti1000.600pk> </Users/hs/Library/texlive/2011basic/texmf-var/fonts/pk/ljfour/j
knappen/ec/ecbx1095.600pk> </Users/hs/Library/texlive/2011basic/texmf-var/fonts
/pk/ljfour/jknappen/ec/ecrm0800.600pk> </Users/hs/Library/texlive/2011basic/tex
mf-var/fonts/pk/ljfour/jknappen/ec/ecrm0600.600pk> </Users/hs/Library/texlive/2
011basic/texmf-var/fonts/pk/ljfour/jknappen/ec/ectt1000.600pk> </Users/hs/Libra
ry/texlive/2011basic/texmf-var/fonts/pk/ljfour/jknappen/ec/ecbx1200.600pk> </Us
ers/hs/Library/texlive/2011basic/texmf-var/fonts/pk/ljfour/jknappen/ec/ecbx1728
.600pk> </Users/hs/Library/texlive/2011basic/texmf-var/fonts/pk/ljfour/jknappen
/ec/ecsl1000.600pk> </Users/hs/Library/texlive/2011basic/texmf-var/fonts/pk/ljf
our/jknappen/ec/ecbx1000.600pk> </Users/hs/Library/texlive/2011basic/texmf-var/
fonts/pk/ljfour/jknappen/ec/ecbx2074.600pk> </Users/hs/Library/texlive/2011basi
c/texmf-var/fonts/pk/ljfour/jknappen/ec/ecrm0700.600pk> </Users/hs/Library/texl
ive/2011basic/texmf-var/fonts/pk/ljfour/jknappen/ec/ecrm1000.600pk> </Users/hs/
Library/texlive/2011basic/texmf-var/fonts/pk/ljfour/jknappen/ec/ecrm1095.600pk>
 </Users/hs/Library/texlive/2011basic/texmf-var/fonts/pk/ljfour/jknappen/ec/ecr
m1440.600pk></usr/local/texlive/2011basic/texmf-dist/fonts/type1/public/amsfont
s/cm/cmmi10.pfb></usr/local/texlive/2011basic/texmf-dist/fonts/type1/public/ams
fonts/cm/cmsy10.pfb>
Output written on guide.pdf (36 pages, 216173 bytes).
PDF statistics:
 1047 PDF objects out of 1200 (max. 8388607)
 500 compressed objects within 5 object streams
 115 named destinations out of 1000 (max. 500000)
 297 words of extra memory for PDF output out of 10000 (max. 10000000)

